<?xml version="1.0" encoding="UTF-8" ?>
<testsuite failures="0" time="2.313" errors="0" skipped="0" tests="24" name="com.clearqa.test.RunImdbTest">
  <properties>
    <property name="java.runtime.name" value="Java(TM) SE Runtime Environment"/>
    <property name="sun.boot.library.path" value="C:\Program Files\Java\jdk1.7.0_79\jre\bin"/>
    <property name="java.vm.version" value="24.79-b02"/>
    <property name="java.vm.vendor" value="Oracle Corporation"/>
    <property name="java.vendor.url" value="http://java.oracle.com/"/>
    <property name="path.separator" value=";"/>
    <property name="guice.disable.misplaced.annotation.check" value="true"/>
    <property name="java.vm.name" value="Java HotSpot(TM) 64-Bit Server VM"/>
    <property name="file.encoding.pkg" value="sun.io"/>
    <property name="user.script" value=""/>
    <property name="user.country" value="US"/>
    <property name="sun.java.launcher" value="SUN_STANDARD"/>
    <property name="sun.os.patch.level" value=""/>
    <property name="java.vm.specification.name" value="Java Virtual Machine Specification"/>
    <property name="user.dir" value="E:\Universidad Catolica Boliviana\Ingenieria de Calidad\_20151116\3imdb_rest"/>
    <property name="java.runtime.version" value="1.7.0_79-b15"/>
    <property name="java.awt.graphicsenv" value="sun.awt.Win32GraphicsEnvironment"/>
    <property name="java.endorsed.dirs" value="C:\Program Files\Java\jdk1.7.0_79\jre\lib\endorsed"/>
    <property name="os.arch" value="amd64"/>
    <property name="java.io.tmpdir" value="C:\Users\Andres\AppData\Local\Temp\"/>
    <property name="line.separator" value="
"/>
    <property name="java.vm.specification.vendor" value="Oracle Corporation"/>
    <property name="user.variant" value=""/>
    <property name="os.name" value="Windows 8.1"/>
    <property name="classworlds.conf" value="C:/apache-maven-3.0.5/bin/m2.conf"/>
    <property name="sun.jnu.encoding" value="Cp1252"/>
    <property name="java.library.path" value="C:\Program Files\Java\jdk1.7.0_79\bin;C:\WINDOWS\Sun\Java\bin;C:\WINDOWS\system32;C:\WINDOWS;C:\Users\Andres\bin;C:\Users\Andres\AppData\Local\Programs\Git\mingw64\bin;C:\Users\Andres\AppData\Local\Programs\Git\usr\local\bin;C:\Users\Andres\AppData\Local\Programs\Git\usr\bin;C:\Users\Andres\AppData\Local\Programs\Git\usr\bin;C:\Users\Andres\AppData\Local\Programs\Git\mingw64\bin;C:\Users\Andres\AppData\Local\Programs\Git\usr\bin;C:\Users\Andres\bin;C:\Program Files\ImageMagick-6.9.1-Q16;C:\WINDOWS\system32;C:\WINDOWS;C:\WINDOWS\System32\Wbem;C:\WINDOWS\System32\WindowsPowerShell\v1.0;C:\Program Files\nodejs;C:\Program Files (x86)\Heroku\bin;C:\Program Files (x86)\git\cmd;C:\Program Files (x86)\Skype\Phone;C:\Ruby21\bin;C:\Users\Andres\AppData\Roaming\npm;C:\DevKit\bin;C:\Program Files\Java\jdk1.7.0_79\bin;C:\Users\Andres\AppData\Local\.meteor;C:\Program Files (x86)\Microsoft VS Code\bin;C:\apache-maven-3.0.5\bin;C:\Ansiconx64;C:\Users\Andres\AppData\Local\Google\Cloud SDK\google-cloud-sdk\bin;C:\Users\Andres\AppData\Local\Programs\Git\cmd;C:\Users\Andres\AppData\Local\Programs\Git\usr\bin\vendor_perl;C:\Users\Andres\AppData\Local\Programs\Git\usr\bin\core_perl;."/>
    <property name="java.specification.name" value="Java Platform API Specification"/>
    <property name="java.class.version" value="51.0"/>
    <property name="sun.management.compiler" value="HotSpot 64-Bit Tiered Compilers"/>
    <property name="os.version" value="6.3"/>
    <property name="user.home" value="C:\Users\Andres"/>
    <property name="user.timezone" value="America/La_Paz"/>
    <property name="java.awt.printerjob" value="sun.awt.windows.WPrinterJob"/>
    <property name="java.specification.version" value="1.7"/>
    <property name="file.encoding" value="Cp1252"/>
    <property name="user.name" value="Andres"/>
    <property name="java.class.path" value="C:/apache-maven-3.0.5/boot/plexus-classworlds-2.4.jar"/>
    <property name="java.vm.specification.version" value="1.7"/>
    <property name="sun.arch.data.model" value="64"/>
    <property name="java.home" value="C:\Program Files\Java\jdk1.7.0_79\jre"/>
    <property name="sun.java.command" value="org.codehaus.plexus.classworlds.launcher.Launcher test"/>
    <property name="java.specification.vendor" value="Oracle Corporation"/>
    <property name="user.language" value="en"/>
    <property name="awt.toolkit" value="sun.awt.windows.WToolkit"/>
    <property name="java.vm.info" value="mixed mode"/>
    <property name="java.version" value="1.7.0_79"/>
    <property name="java.ext.dirs" value="C:\Program Files\Java\jdk1.7.0_79\jre\lib\ext;C:\WINDOWS\Sun\Java\lib\ext"/>
    <property name="sun.boot.class.path" value="C:\Program Files\Java\jdk1.7.0_79\jre\lib\resources.jar;C:\Program Files\Java\jdk1.7.0_79\jre\lib\rt.jar;C:\Program Files\Java\jdk1.7.0_79\jre\lib\sunrsasign.jar;C:\Program Files\Java\jdk1.7.0_79\jre\lib\jsse.jar;C:\Program Files\Java\jdk1.7.0_79\jre\lib\jce.jar;C:\Program Files\Java\jdk1.7.0_79\jre\lib\charsets.jar;C:\Program Files\Java\jdk1.7.0_79\jre\lib\jfr.jar;C:\Program Files\Java\jdk1.7.0_79\jre\classes"/>
    <property name="java.vendor" value="Oracle Corporation"/>
    <property name="maven.home" value="C:\apache-maven-3.0.5"/>
    <property name="file.separator" value="\"/>
    <property name="java.vendor.url.bug" value="http://bugreport.sun.com/bugreport/"/>
    <property name="sun.cpu.endian" value="little"/>
    <property name="sun.io.unicode.encoding" value="UnicodeLittle"/>
    <property name="sun.desktop" value="windows"/>
    <property name="sun.cpu.isalist" value="amd64"/>
  </properties>
  <testcase time="0" classname="Scenario: Get movie by title" name="Given I query movie by \&quot;Finding Nemo\&quot;"/>
  <testcase time="0" classname="Scenario: Get movie by title" name="When I make the rest call"/>
  <testcase time="0" classname="Scenario: Get movie by title" name="Then response should contain:"/>
  <testcase time="0" classname="Scenario: Get movie by title" name="Scenario: Get movie by title"/>
  <testcase time="0" classname="| Finding Nemo | {\&quot;Genre\&quot;:\&quot;Animation\u002C Adventure\u002C Comedy\&quot;} |" name="Given I query movie by \&quot;Finding Nemo\&quot;"/>
  <testcase time="0" classname="| Finding Nemo | {\&quot;Genre\&quot;:\&quot;Animation\u002C Adventure\u002C Comedy\&quot;} |" name="When I make the rest call"/>
  <testcase time="0" classname="| Finding Nemo | {\&quot;Genre\&quot;:\&quot;Animation\u002C Adventure\u002C Comedy\&quot;} |" name="Then response should contain \&quot;{\&quot;Genre\&quot;:\&quot;Animation\u002C Adventure\u002C Comedy\&quot;}\&quot;"/>
  <testcase time="0" classname="| Finding Nemo | {\&quot;Genre\&quot;:\&quot;Animation\u002C Adventure\u002C Comedy\&quot;} |" name="| Finding Nemo | {\&quot;Genre\&quot;:\&quot;Animation\u002C Adventure\u002C Comedy\&quot;} |"/>
  <testcase time="0" classname="| Inception | {\&quot;Genre\&quot;:\&quot;Action\u002C Mystery\u002C Sci-Fi\&quot;} |" name="Given I query movie by \&quot;Inception\&quot;"/>
  <testcase time="0" classname="| Inception | {\&quot;Genre\&quot;:\&quot;Action\u002C Mystery\u002C Sci-Fi\&quot;} |" name="When I make the rest call"/>
  <testcase time="0" classname="| Inception | {\&quot;Genre\&quot;:\&quot;Action\u002C Mystery\u002C Sci-Fi\&quot;} |" name="Then response should contain \&quot;{\&quot;Genre\&quot;:\&quot;Action\u002C Mystery\u002C Sci-Fi\&quot;}\&quot;"/>
  <testcase time="0" classname="| Inception | {\&quot;Genre\&quot;:\&quot;Action\u002C Mystery\u002C Sci-Fi\&quot;} |" name="| Inception | {\&quot;Genre\&quot;:\&quot;Action\u002C Mystery\u002C Sci-Fi\&quot;} |"/>
  <testcase time="0.016" classname="| WALL\uFFFDE | {\&quot;Genre\&quot;:\&quot;Animation\u002C Adventure\u002C Family\&quot;} |" name="Given I query movie by \&quot;WALL\uFFFDE\&quot;"/>
  <testcase time="0" classname="| WALL\uFFFDE | {\&quot;Genre\&quot;:\&quot;Animation\u002C Adventure\u002C Family\&quot;} |" name="When I make the rest call"/>
  <testcase time="0" classname="| WALL\uFFFDE | {\&quot;Genre\&quot;:\&quot;Animation\u002C Adventure\u002C Family\&quot;} |" name="Then response should contain \&quot;{\&quot;Genre\&quot;:\&quot;Animation\u002C Adventure\u002C Family\&quot;}\&quot;"/>
  <testcase time="0" classname="| WALL\uFFFDE | {\&quot;Genre\&quot;:\&quot;Animation\u002C Adventure\u002C Family\&quot;} |" name="| WALL\uFFFDE | {\&quot;Genre\&quot;:\&quot;Animation\u002C Adventure\u002C Family\&quot;} |"/>
  <testcase time="0" classname="| 8\uFFFD | {\&quot;Genre\&quot;: \&quot;Mystery\u002C Sci-Fi\u002C Thriller\&quot;} |" name="Given I query movie by \&quot;8\uFFFD\&quot;"/>
  <testcase time="0" classname="| 8\uFFFD | {\&quot;Genre\&quot;: \&quot;Mystery\u002C Sci-Fi\u002C Thriller\&quot;} |" name="When I make the rest call"/>
  <testcase time="0" classname="| 8\uFFFD | {\&quot;Genre\&quot;: \&quot;Mystery\u002C Sci-Fi\u002C Thriller\&quot;} |" name="Then response should contain \&quot;{\&quot;Genre\&quot;: \&quot;Mystery\u002C Sci-Fi\u002C Thriller\&quot;}\&quot;"/>
  <testcase time="0" classname="| 8\uFFFD | {\&quot;Genre\&quot;: \&quot;Mystery\u002C Sci-Fi\u002C Thriller\&quot;} |" name="| 8\uFFFD | {\&quot;Genre\&quot;: \&quot;Mystery\u002C Sci-Fi\u002C Thriller\&quot;} |"/>
  <testcase time="0" classname="Scenario: Get movie by year" name="Given I query movie by year \&quot;2015\&quot;"/>
  <testcase time="0" classname="Scenario: Get movie by year" name="When I make the rest call"/>
  <testcase time="0" classname="Scenario: Get movie by year" name="Then response should contain:"/>
  <testcase time="0.013" classname="Scenario: Get movie by year" name="Scenario: Get movie by year"/>
</testsuite>